<?xml version="1.0" encoding="UTF-8"?>
<testsuite name="wx.wechat.utils.XMLUtilsTest" tests="2" skipped="0" failures="0" errors="0" timestamp="2016-06-07T03:15:17" hostname="Chevalier.local" time="0.009">
  <properties/>
  <testcase name="test_convertToXML" classname="wx.wechat.utils.XMLUtilsTest" time="0.007"/>
  <testcase name="test_XML2Map" classname="wx.wechat.utils.XMLUtilsTest" time="0.002"/>
  <system-out><![CDATA[<?xml version="1.0" encoding="UTF-8"?>
<xml><appid>wx2421b1c4370ec43b</appid></xml>
{attachments={attachment-group=[{attachment_desc={desc1=attach-desc1, desc2=attach-desc2, desc3=attach-desc3, desc4=attach-desc4}, attachment_name=, attachment_url=}, {attachment_desc=[{desc1=attach-desc1, desc2=attach-desc2}, {desc1=attach-desc1, desc2=attach-desc2}], attachment_name=, attachment_url=}]}, send_address=xml-test@163.com, selected_items={items_source=products, item_group=[{item_desc=gmdesc, item_url=, item_desc2=gmdesc2, item_name=gm, item_desc3=gmdesc3, item_desc4=gmdesc4}, {item_desc=gmdesc, item_url=, item_name=gm}]}, subject=xml-hello guys, template_id=2, to_address=test@corp.gm.com, message=XML- Message, recipient_name=xml-tom, desc_group={desc_item=[desc_item_1, desc_item_2, desc_item_3, desc_item_4, desc_item_5]}, to_alias=tom, sender_comp_name=xml-gm}
]]></system-out>
  <system-err><![CDATA[]]></system-err>
</testsuite>
